<?xml version="1.0" encoding="UTF-8"?>
<testsuite name="lesson1.LoginTests" tests="1" skipped="0" failures="0" errors="0" timestamp="2023-12-19T07:40:59" hostname="BOOK26FEH2" time="6.882">
  <properties/>
  <testcase name="succesfullLoginTest()" classname="lesson1.LoginTests" time="6.882"/>
  <system-out><![CDATA[]]></system-out>
  <system-err><![CDATA[SLF4J: No SLF4J providers were found.
SLF4J: Defaulting to no-operation (NOP) logger implementation
SLF4J: See https://www.slf4j.org/codes.html#noProviders for further details.
дек. 19, 2023 10:41:01 AM org.openqa.selenium.devtools.CdpVersionFinder findNearestMatch
WARNING: Unable to find CDP implementation matching 120
дек. 19, 2023 10:41:01 AM org.openqa.selenium.chromium.ChromiumDriver lambda$new$5
WARNING: Unable to find version of CDP to use for 120.0.6099.109. You may need to include a dependency on a specific version of the CDP using something similar to `org.seleniumhq.selenium:selenium-devtools-v86:4.11.0` where the version ("v86") matches the version of the chromium-based browser you're using and the version number of the artifact is the same as Selenium's.
]]></system-err>
</testsuite>
